<?xml version="1.0" encoding="UTF-8"?>
<!-- Generated by org.testng.reporters.JUnitReportReporter -->
<testsuite hostname="LAPTOP-6AKV2JN9" failures="0" tests="1" name="seleniumTest.Table" time="6.423" errors="0" timestamp="2024-01-17T23:48:59 IST" skipped="0">
  <testcase classname="seleniumTest.Table" name="verifyHeaderOfTable" time="6.423"/>
</testsuite> <!-- seleniumTest.Table -->
