<?xml version="1.0" encoding="UTF-8"?>
<!-- Generated by org.testng.reporters.JUnitReportReporter -->
<testsuite hostname="LAPTOP-6AKV2JN9" failures="0" tests="2" name="seleniumTest.Annotations" time="7.785" errors="0" timestamp="2024-01-15T19:08:00 IST" skipped="0">
  <testcase classname="seleniumTest.Annotations" name="testCase1" time="3.267"/>
  <testcase classname="seleniumTest.Annotations" name="testCase2" time="4.518"/>
</testsuite> <!-- seleniumTest.Annotations -->
