<?xml version="1.0" encoding="UTF-8"?>
<!-- Generated by org.testng.reporters.JUnitReportReporter -->
<testsuite hostname="LAPTOP-6AKV2JN9" failures="0" tests="1" name="seleniumTest.AnnotationWork" time="0.473" errors="0" timestamp="2024-01-15T20:05:00 IST" skipped="0">
  <testcase classname="seleniumTest.AnnotationWork" name="testCase" time="0.473"/>
</testsuite> <!-- seleniumTest.AnnotationWork -->
