<?xml version="1.0" encoding="UTF-8"?>
<!-- Generated by org.testng.reporters.JUnitReportReporter -->
<testsuite hostname="LAPTOP-6AKV2JN9" failures="0" tests="1" name="seleniumTest.HandlingMultipleWindows" time="143.727" errors="0" timestamp="2024-01-18T07:45:54 IST" skipped="0">
  <testcase classname="seleniumTest.HandlingMultipleWindows" name="handleWindow" time="143.727"/>
</testsuite> <!-- seleniumTest.HandlingMultipleWindows -->
