<?xml version="1.0" encoding="UTF-8"?>
<!-- Generated by org.testng.reporters.JUnitReportReporter -->
<testsuite hostname="LAPTOP-6AKV2JN9" failures="0" tests="1" name="seleniumTest.Frames" time="76.204" errors="0" timestamp="2024-01-21T23:50:50 IST" skipped="0">
  <testcase classname="seleniumTest.Frames" name="frameSample" time="76.204"/>
</testsuite> <!-- seleniumTest.Frames -->
